<?xml version="1.0" encoding="UTF-8"?>
<!-- Generated by org.testng.reporters.JUnitReportReporter -->
<testsuite ignored="0" hostname="DESKTOP-U4L4S65" failures="0" tests="1" name="testcase.MyThirdTest" time="19.755" errors="0" timestamp="17 May 2022 05:00:36 GMT" skipped="0">
  <testcase classname="testcase.MyThirdTest" name="LoginTest" time="19.755"/>
</testsuite> <!-- testcase.MyThirdTest -->
