<?xml version="1.0" encoding="UTF-8"?>
<!-- Generated by org.testng.reporters.JUnitReportReporter -->
<testsuite ignored="2" hostname="DESKTOP-U4L4S65" failures="0" tests="1" name="testcase.MySecondTest" time="11.281" errors="0" timestamp="17 May 2022 04:41:23 GMT" skipped="0">
  <testcase classname="testcase.MySecondTest" name="LoginTest" time="11.281"/>
  <testcase classname="base.BastTest" name="setUp">
    <skipped/>
  </testcase> <!-- setUp -->
  <testcase classname="base.BastTest" name="tearDown">
    <skipped/>
  </testcase> <!-- tearDown -->
</testsuite> <!-- testcase.MySecondTest -->
